<?xml version="1.0" encoding="UTF-8"?>
<!-- Generated by org.testng.reporters.JUnitReportReporter -->
<testsuite hostname="ALIPL0932.local" failures="0" tests="3" name="TestCases.TestNG.TestNGBasics" time="0.002" errors="0" timestamp="2024-10-16T07:58:12 IST" skipped="1">
  <testcase classname="TestCases.TestNG.TestNGBasics" name="firstTest" time="0.001"/>
  <testcase classname="TestCases.TestNG.TestNGBasics" name="thirdTest" time="0.001"/>
  <testcase classname="TestCases.TestNG.TestNGBasics" name="secondTest">
    <skipped/>
  </testcase> <!-- secondTest -->
</testsuite> <!-- TestCases.TestNG.TestNGBasics -->
