<?xml version="1.0" encoding="UTF-8"?>
<!-- Generated by org.testng.reporters.JUnitReportReporter -->
<testsuite hostname="ALIPL0932.local" failures="0" tests="2" name="TestNG.TestCases.Selenium4Features.NewTest" time="0.011" errors="0" timestamp="2024-10-14T21:27:40 IST" skipped="1">
  <testcase classname="TestNG.TestCases.Selenium4Features.NewTest" name="firstTest" time="0.011"/>
  <testcase classname="TestNG.TestCases.Selenium4Features.NewTest" name="secondTest">
    <skipped/>
  </testcase> <!-- secondTest -->
</testsuite> <!-- TestNG.TestCases.Selenium4Features.NewTest -->
