<?xml version="1.0" encoding="UTF-8"?>
<!-- Generated by org.testng.reporters.JUnitReportReporter -->
<testsuite hostname="ALIPL0932.local" failures="0" tests="3" name="TestCases.TestNG.Billing" time="0.011" errors="0" timestamp="2024-10-16T07:58:12 IST" skipped="0">
  <testcase classname="TestCases.TestNG.Billing" name="editBilling" time="0.002"/>
  <testcase classname="TestCases.TestNG.Billing" name="createBilling" time="0.007"/>
  <testcase classname="TestCases.TestNG.Billing" name="deleteBilling" time="0.002"/>
</testsuite> <!-- TestCases.TestNG.Billing -->
